  Main.cpp
c:\users\fortune\documents\visual studio 2015\projects\huffman\huffman\main.cpp(33): warning C4018: '<': signed/unsigned mismatch
c:\users\fortune\documents\visual studio 2015\projects\huffman\huffman\p_queue.h(76): warning C4018: '<=': signed/unsigned mismatch
  c:\users\fortune\documents\visual studio 2015\projects\huffman\huffman\p_queue.h(69): note: while compiling class template member function 'Node Priority_Queue<Node>::pop(void)'
  c:\users\fortune\documents\visual studio 2015\projects\huffman\huffman\huffman.h(94): note: see reference to function template instantiation 'Node Priority_Queue<Node>::pop(void)' being compiled
  c:\users\fortune\documents\visual studio 2015\projects\huffman\huffman\huffman.h(83): note: see reference to class template instantiation 'Priority_Queue<Node>' being compiled
c:\users\fortune\documents\visual studio 2015\projects\huffman\huffman\p_queue.h(42): warning C4018: '<': signed/unsigned mismatch
  c:\users\fortune\documents\visual studio 2015\projects\huffman\huffman\p_queue.h(41): note: while compiling class template member function 'void Priority_Queue<int>::print(std::ostream &)'
  c:\users\fortune\documents\visual studio 2015\projects\huffman\huffman\main.cpp(36): note: see reference to function template instantiation 'void Priority_Queue<int>::print(std::ostream &)' being compiled
c:\users\fortune\documents\visual studio 2015\projects\huffman\huffman\p_queue.h(29): warning C4244: 'return': conversion from 'double' to 'int', possible loss of data
  c:\users\fortune\documents\visual studio 2015\projects\huffman\huffman\p_queue.h(29): note: while compiling class template member function 'int Priority_Queue<Node>::getParentIndex(int)'
  c:\users\fortune\documents\visual studio 2015\projects\huffman\huffman\p_queue.h(57): note: see reference to function template instantiation 'int Priority_Queue<Node>::getParentIndex(int)' being compiled
  c:\users\fortune\documents\visual studio 2015\projects\huffman\huffman\p_queue.h(48): note: while compiling class template member function 'void Priority_Queue<Node>::push(const T)'
          with
          [
              T=Node
          ]
  c:\users\fortune\documents\visual studio 2015\projects\huffman\huffman\huffman.h(90): note: see reference to function template instantiation 'void Priority_Queue<Node>::push(const T)' being compiled
          with
          [
              T=Node
          ]
  Huffman.vcxproj -> C:\Users\Fortune\documents\visual studio 2015\Projects\Huffman\Debug\Huffman.exe
  Huffman.vcxproj -> C:\Users\Fortune\documents\visual studio 2015\Projects\Huffman\Debug\Huffman.pdb (Full PDB)
